Starting job

[notice] A new release of pip is available: 25.3 -> 26.0.1
[notice] To update, run: pip install --upgrade pip
WARNING:google.auth._default:No project ID could be determined. Consider running `gcloud config set project` or setting the GOOGLE_CLOUD_PROJECT environment variable
/home/users/medha156/plop/grah/lib/python3.14/site-packages/google/cloud/bigquery/table.py:1994: UserWarning: BigQuery Storage module not found, fetch data with the REST endpoint instead.
  warnings.warn(
INFO:dataset:Split applied: 2875280 samples.
INFO:dataset:Split applied: 718821 samples.
INFO:dataset:Caching proteins for 10298 unique targets...
RUNNING TRAIN FILE VERSION UPDATED
Using device: cuda
INFO:__main__:
========================================
Epoch 000 Summary | Time: 0:01:01
----------------------------------------
TRAIN | Total: nan | Ki: nan | Kd: nan | IC50: nan
TEST | Total: nan | Ki: nan | Kd: nan | IC50: nan
========================================

INFO:__main__:
========================================
Epoch 001 Summary | Time: 0:01:00
----------------------------------------
TRAIN | Total: nan | Ki: nan | Kd: nan | IC50: nan
TEST | Total: nan | Ki: nan | Kd: nan | IC50: nan
========================================

INFO:__main__:
========================================
Epoch 002 Summary | Time: 0:00:59
----------------------------------------
TRAIN | Total: nan | Ki: nan | Kd: nan | IC50: nan
TEST | Total: nan | Ki: nan | Kd: nan | IC50: nan
========================================

INFO:__main__:
========================================
Epoch 003 Summary | Time: 0:00:58
----------------------------------------
TRAIN | Total: nan | Ki: nan | Kd: nan | IC50: nan
TEST | Total: nan | Ki: nan | Kd: nan | IC50: nan
========================================

INFO:__main__:
========================================
Epoch 004 Summary | Time: 0:01:01
----------------------------------------
TRAIN | Total: nan | Ki: nan | Kd: nan | IC50: nan
TEST | Total: nan | Ki: nan | Kd: nan | IC50: nan
========================================

INFO:__main__:
========================================
Epoch 005 Summary | Time: 0:00:59
----------------------------------------
TRAIN | Total: nan | Ki: nan | Kd: nan | IC50: nan
TEST | Total: nan | Ki: nan | Kd: nan | IC50: nan
========================================

INFO:__main__:
========================================
Epoch 006 Summary | Time: 0:01:01
----------------------------------------
TRAIN | Total: nan | Ki: nan | Kd: nan | IC50: nan
TEST | Total: nan | Ki: nan | Kd: nan | IC50: nan
========================================

INFO:__main__:
========================================
Epoch 007 Summary | Time: 0:00:59
----------------------------------------
TRAIN | Total: nan | Ki: nan | Kd: nan | IC50: nan
TEST | Total: nan | Ki: nan | Kd: nan | IC50: nan
========================================

INFO:__main__:
========================================
Epoch 008 Summary | Time: 0:00:59
----------------------------------------
TRAIN | Total: nan | Ki: nan | Kd: nan | IC50: nan
TEST | Total: nan | Ki: nan | Kd: nan | IC50: nan
========================================

INFO:__main__:
========================================
Epoch 009 Summary | Time: 0:01:00
----------------------------------------
TRAIN | Total: nan | Ki: nan | Kd: nan | IC50: nan
TEST | Total: nan | Ki: nan | Kd: nan | IC50: nan
========================================

